<?xml version="1.0" encoding="utf-8"?><testsuites><testsuite name="pytest" errors="0" failures="0" skipped="0" tests="3" time="1.139" timestamp="2024-11-06T21:10:41.271988-03:00" hostname="DESKTOP-9JERNEN"><testcase classname="tests.test_app" name="test_root" time="0.040" /><testcase classname="tests.test_app" name="test_create_order" time="0.071" /><testcase classname="tests.test_app" name="test_create_order_failing" time="0.492" /></testsuite></testsuites>